# JRE version: Java(TM) SE Runtime Environment (8.0_211-b12) (build 1.8.0_211-b12)
# Java VM: Java HotSpot(TM) 64-Bit Server VM (25.211-b12 mixed mode windows-amd64 compressed oops)
Heap:
 garbage-first heap   total 264192K, used 165545K [0x0000000080000000, 0x0000000080100810, 0x0000000100000000)
  region size 1024K, 12 young (12288K), 1 survivors (1024K)
 Metaspace       used 182385K, capacity 202460K, committed 202856K, reserved 1224704K
  class space    used 22087K, capacity 27628K, committed 27752K, reserved 1048576K
GC Heap History (10 events):
Event: 119012.279 GC heap after
Heap after GC invocations=146 (full 0):
 garbage-first heap   total 264192K, used 162944K [0x0000000080000000, 0x0000000080100810, 0x0000000100000000)
  region size 1024K, 2 young (2048K), 2 survivors (2048K)
 Metaspace       used 182388K, capacity 202472K, committed 202856K, reserved 1224704K
  class space    used 22088K, capacity 27630K, committed 27752K, reserved 1048576K
}
Event: 121294.109 GC heap before
{Heap before GC invocations=146 (full 0):
 garbage-first heap   total 264192K, used 173184K [0x0000000080000000, 0x0000000080100810, 0x0000000100000000)
  region size 1024K, 12 young (12288K), 2 survivors (2048K)
 Metaspace       used 182388K, capacity 202472K, committed 202856K, reserved 1224704K
  class space    used 22088K, capacity 27630K, committed 27752K, reserved 1048576K
Event: 121294.243 GC heap after
Heap after GC invocations=147 (full 0):
 garbage-first heap   total 264192K, used 165656K [0x0000000080000000, 0x0000000080100810, 0x0000000100000000)
  region size 1024K, 2 young (2048K), 2 survivors (2048K)
 Metaspace       used 182388K, capacity 202472K, committed 202856K, reserved 1224704K
  class space    used 22088K, capacity 27630K, committed 27752K, reserved 1048576K
}
Event: 131186.858 GC heap before
{Heap before GC invocations=148 (full 0):
 garbage-first heap   total 264192K, used 175896K [0x0000000080000000, 0x0000000080100810, 0x0000000100000000)
  region size 1024K, 12 young (12288K), 2 survivors (2048K)
 Metaspace       used 182381K, capacity 202460K, committed 202856K, reserved 1224704K
  class space    used 22087K, capacity 27628K, committed 27752K, reserved 1048576K
Event: 131187.378 GC heap after
Heap after GC invocations=149 (full 0):
 garbage-first heap   total 264192K, used 168421K [0x0000000080000000, 0x0000000080100810, 0x0000000100000000)
  region size 1024K, 2 young (2048K), 2 survivors (2048K)
 Metaspace       used 182381K, capacity 202460K, committed 202856K, reserved 1224704K
  class space    used 22087K, capacity 27628K, committed 27752K, reserved 1048576K
}
Event: 140725.727 GC heap before
{Heap before GC invocations=149 (full 0):
 garbage-first heap   total 264192K, used 178661K [0x0000000080000000, 0x0000000080100810, 0x0000000100000000)
  region size 1024K, 12 young (12288K), 2 survivors (2048K)
 Metaspace       used 182381K, capacity 202460K, committed 202856K, reserved 1224704K
  class space    used 22087K, capacity 27628K, committed 27752K, reserved 1048576K
Event: 140726.174 GC heap after
Heap after GC invocations=150 (full 0):
 garbage-first heap   total 264192K, used 158113K [0x0000000080000000, 0x0000000080100810, 0x0000000100000000)
  region size 1024K, 1 young (1024K), 1 survivors (1024K)
 Metaspace       used 182381K, capacity 202460K, committed 202856K, reserved 1224704K
  class space    used 22087K, capacity 27628K, committed 27752K, reserved 1048576K
}
Event: 150673.886 GC heap before
{Heap before GC invocations=150 (full 0):
 garbage-first heap   total 264192K, used 169377K [0x0000000080000000, 0x0000000080100810, 0x0000000100000000)
  region size 1024K, 12 young (12288K), 1 survivors (1024K)
 Metaspace       used 182384K, capacity 202460K, committed 202856K, reserved 1224704K
  class space    used 22087K, capacity 27628K, committed 27752K, reserved 1048576K
Event: 150674.941 GC heap after
Heap after GC invocations=151 (full 0):
 garbage-first heap   total 264192K, used 154281K [0x0000000080000000, 0x0000000080100810, 0x0000000100000000)
  region size 1024K, 1 young (1024K), 1 survivors (1024K)
 Metaspace       used 182384K, capacity 202460K, committed 202856K, reserved 1224704K
  class space    used 22087K, capacity 27628K, committed 27752K, reserved 1048576K
}
Event: 155604.682 GC heap before
{Heap before GC invocations=151 (full 0):
 garbage-first heap   total 264192K, used 165545K [0x0000000080000000, 0x0000000080100810, 0x0000000100000000)
  region size 1024K, 12 young (12288K), 1 survivors (1024K)
 Metaspace       used 182385K, capacity 202460K, committed 202856K, reserved 1224704K
  class space    used 22087K, capacity 27628K, committed 27752K, reserved 1048576K

